0 info it worked if it ends with ok
1 verbose cli [ '/usr/bin/nodejs', '/usr/bin/npm', 'run', 'lint' ]
2 info using npm@3.10.10
3 info using node@v6.10.3
4 verbose run-script [ 'prelint', 'lint', 'postlint' ]
5 info lifecycle gulp-books@1.0.0~prelint: gulp-books@1.0.0
6 silly lifecycle gulp-books@1.0.0~prelint: no script for prelint, continuing
7 info lifecycle gulp-books@1.0.0~lint: gulp-books@1.0.0
8 verbose lifecycle gulp-books@1.0.0~lint: unsafe-perm in lifecycle true
9 verbose lifecycle gulp-books@1.0.0~lint: PATH: /usr/lib/node_modules/npm/bin/node-gyp-bin:/home/cirops/git/github/gulp-books/node_modules/.bin:/home/cirops/bin:/home/cirops/.local/bin:/usr/local/sbin:/usr/local/bin:/usr/sbin:/usr/bin:/sbin:/bin:/usr/games:/usr/local/games
10 verbose lifecycle gulp-books@1.0.0~lint: CWD: /home/cirops/git/github/gulp-books
11 silly lifecycle gulp-books@1.0.0~lint: Args: [ '-c', 'eslint ./src' ]
12 silly lifecycle gulp-books@1.0.0~lint: Returned: code: 1  signal: null
13 info lifecycle gulp-books@1.0.0~lint: Failed to exec lint script
14 verbose stack Error: gulp-books@1.0.0 lint: `eslint ./src`
14 verbose stack Exit status 1
14 verbose stack     at EventEmitter.<anonymous> (/usr/lib/node_modules/npm/lib/utils/lifecycle.js:255:16)
14 verbose stack     at emitTwo (events.js:106:13)
14 verbose stack     at EventEmitter.emit (events.js:191:7)
14 verbose stack     at ChildProcess.<anonymous> (/usr/lib/node_modules/npm/lib/utils/spawn.js:40:14)
14 verbose stack     at emitTwo (events.js:106:13)
14 verbose stack     at ChildProcess.emit (events.js:191:7)
14 verbose stack     at maybeClose (internal/child_process.js:886:16)
14 verbose stack     at Process.ChildProcess._handle.onexit (internal/child_process.js:226:5)
15 verbose pkgid gulp-books@1.0.0
16 verbose cwd /home/cirops/git/github/gulp-books
17 error Linux 4.4.0-78-generic
18 error argv "/usr/bin/nodejs" "/usr/bin/npm" "run" "lint"
19 error node v6.10.3
20 error npm  v3.10.10
21 error code ELIFECYCLE
22 error gulp-books@1.0.0 lint: `eslint ./src`
22 error Exit status 1
23 error Failed at the gulp-books@1.0.0 lint script 'eslint ./src'.
23 error Make sure you have the latest version of node.js and npm installed.
23 error If you do, this is most likely a problem with the gulp-books package,
23 error not with npm itself.
23 error Tell the author that this fails on your system:
23 error     eslint ./src
23 error You can get information on how to open an issue for this project with:
23 error     npm bugs gulp-books
23 error Or if that isn't available, you can get their info via:
23 error     npm owner ls gulp-books
23 error There is likely additional logging output above.
24 verbose exit [ 1, true ]
